<?xml version='1.0' encoding='UTF-8'?>
<testsuite hostname="sto-m-axsu.local" name="fpinscala.datastructures.DataStructureSpec" tests="16" errors="0" failures="0" skipped="0" time="0.048" timestamp="2019-01-21T22:27:41">
                     <properties>
[...]
</properties>
                     <testcase classname="fpinscala.datastructures.DataStructureSpec" name="Pattern match should the value of x should be 3" time="0.023">
                                                 
                                               </testcase><testcase classname="fpinscala.datastructures.DataStructureSpec" name="tail should return the first element of the list" time="0.0">
                                                 
                                               </testcase><testcase classname="fpinscala.datastructures.DataStructureSpec" name="tail should throw an error if called on empty MyList" time="0.001">
                                                 
                                               </testcase><testcase classname="fpinscala.datastructures.DataStructureSpec" name="drop while should remove all odd numbers from List of ints" time="0.001">
                                                 
                                               </testcase><testcase classname="fpinscala.datastructures.DataStructureSpec" name="init should return all elements except the last in a MyList" time="0.0">
                                                 
                                               </testcase><testcase classname="fpinscala.datastructures.DataStructureSpec" name="foldright should return 10 passing sum function and MyList(1,2,3,4)" time="0.002">
                                                 
                                               </testcase><testcase classname="fpinscala.datastructures.DataStructureSpec" name="length should return 5 if the length of MyList is 5" time="0.002">
                                                 
                                               </testcase><testcase classname="fpinscala.datastructures.DataStructureSpec" name="product2 should return 4 when the input is a MyList of (2, 2) using foldLeft" time="0.006">
                                                 
                                               </testcase><testcase classname="fpinscala.datastructures.DataStructureSpec" name="addOne should add 1 to each element in a list of integers" time="0.005">
                                                 
                                               </testcase><testcase classname="fpinscala.datastructures.DataStructureSpec" name="doubleToString should convert all Doubles in a List to Strings" time="0.001">
                                                 
                                               </testcase><testcase classname="fpinscala.datastructures.DataStructureSpec" name="mapAddOne should add 1 to each element in a list of integers" time="0.001">
                                                 
                                               </testcase><testcase classname="fpinscala.datastructures.DataStructureSpec" name="flatMap should be able to filter all odd elements in a list" time="0.002">
                                                 
                                               </testcase><testcase classname="fpinscala.datastructures.DataStructureSpec" name="zipWith should write (foo, bar) given List(f, ba), List(oo, r)" time="0.002">
                                                 
                                               </testcase><testcase classname="fpinscala.datastructures.DataStructureSpec" name="maximumTree should return 30 if 30 is the biggest Integer in a Tree" time="0.001">
                                                 
                                               </testcase><testcase classname="fpinscala.datastructures.DataStructureSpec" name="mapTree should add 10 to each element in a Tree of ints when passing x =&gt; x + 10" time="0.0">
                                                 
                                               </testcase><testcase classname="fpinscala.datastructures.DataStructureSpec" name="mapViaFold should add 10 to each element in a Tree of ints when passing x =&gt; x + 10" time="0.001">
                                                 
                                               </testcase>
                     <system-out><![CDATA[]]></system-out>
                     <system-err><![CDATA[]]></system-err>
                   </testsuite>